android/app/build/intermediates/manifest_merge_blame_file/debug/manifest-merger-blame-debug-report.txt
1<?xml version="1.0" encoding="utf-8"?>
2<manifest xmlns:android="http://schemas.android.com/apk/res/android"
3    package="tech.healthpay.keyboard"
4    android:versionCode="1"
5    android:versionName="1.0.0" >
6
7    <uses-sdk
8        android:minSdkVersion="24"
9        android:targetSdkVersion="34" />
10
11    <!-- Permissions -->
12    <uses-permission android:name="android.permission.INTERNET" />
12-->src/main/AndroidManifest.xml:7:5-67
12-->src/main/AndroidManifest.xml:7:22-64
13    <uses-permission android:name="android.permission.ACCESS_NETWORK_STATE" />
13-->src/main/AndroidManifest.xml:8:5-79
13-->src/main/AndroidManifest.xml:8:22-76
14    <uses-permission android:name="android.permission.VIBRATE" />
14-->src/main/AndroidManifest.xml:9:5-66
14-->src/main/AndroidManifest.xml:9:22-63
15    <uses-permission android:name="android.permission.USE_BIOMETRIC" />
15-->src/main/AndroidManifest.xml:10:5-72
15-->src/main/AndroidManifest.xml:10:22-69
16    <uses-permission android:name="android.permission.CAMERA" />
16-->src/main/AndroidManifest.xml:11:5-65
16-->src/main/AndroidManifest.xml:11:22-62
17    <uses-permission android:name="android.permission.READ_CONTACTS" />
17-->src/main/AndroidManifest.xml:12:5-72
17-->src/main/AndroidManifest.xml:12:22-69
18
19    <!-- For QR scanning -->
20    <uses-feature
20-->src/main/AndroidManifest.xml:15:5-85
21        android:name="android.hardware.camera"
21-->src/main/AndroidManifest.xml:15:19-57
22        android:required="false" />
22-->src/main/AndroidManifest.xml:15:58-82
23    <uses-feature
23-->src/main/AndroidManifest.xml:16:5-95
24        android:name="android.hardware.camera.autofocus"
24-->src/main/AndroidManifest.xml:16:19-67
25        android:required="false" />
25-->src/main/AndroidManifest.xml:16:68-92
26
27    <!-- suppress DeprecatedClassUsageInspection -->
28    <uses-permission android:name="android.permission.USE_FINGERPRINT" />
28-->[androidx.biometric:biometric:1.1.0] AndroidManifest.xml:27:5-74
28-->[androidx.biometric:biometric:1.1.0] AndroidManifest.xml:27:22-71
29
30    <permission
30-->[androidx.core:core:1.12.0] AndroidManifest.xml:22:5-24:47
31        android:name="tech.healthpay.keyboard.DYNAMIC_RECEIVER_NOT_EXPORTED_PERMISSION"
31-->[androidx.core:core:1.12.0] AndroidManifest.xml:23:9-81
32        android:protectionLevel="signature" />
32-->[androidx.core:core:1.12.0] AndroidManifest.xml:24:9-44
33
34    <uses-permission android:name="tech.healthpay.keyboard.DYNAMIC_RECEIVER_NOT_EXPORTED_PERMISSION" />
34-->[androidx.core:core:1.12.0] AndroidManifest.xml:26:5-97
34-->[androidx.core:core:1.12.0] AndroidManifest.xml:26:22-94
35
36    <application
36-->src/main/AndroidManifest.xml:18:5-122:19
37        android:name="tech.healthpay.keyboard.HealthPayKeyboardApplication"
37-->src/main/AndroidManifest.xml:19:9-53
38        android:allowBackup="false"
38-->src/main/AndroidManifest.xml:20:9-36
39        android:appComponentFactory="androidx.core.app.CoreComponentFactory"
39-->[androidx.core:core:1.12.0] AndroidManifest.xml:28:18-86
40        android:debuggable="true"
41        android:extractNativeLibs="false"
42        android:icon="@mipmap/ic_launcher"
42-->src/main/AndroidManifest.xml:21:9-43
43        android:label="@string/app_name"
43-->src/main/AndroidManifest.xml:22:9-41
44        android:networkSecurityConfig="@xml/network_security_config"
44-->src/main/AndroidManifest.xml:26:9-69
45        android:roundIcon="@mipmap/ic_launcher_round"
45-->src/main/AndroidManifest.xml:23:9-54
46        android:supportsRtl="true"
46-->src/main/AndroidManifest.xml:24:9-35
47        android:theme="@style/Theme.HealthPayKeyboard" >
47-->src/main/AndroidManifest.xml:25:9-55
48
49        <!-- Main Activity (for setup and authentication) -->
50        <activity
50-->src/main/AndroidManifest.xml:30:9-38:20
51            android:name="tech.healthpay.keyboard.MainActivity"
51-->src/main/AndroidManifest.xml:31:13-41
52            android:exported="true"
52-->src/main/AndroidManifest.xml:32:13-36
53            android:theme="@style/Theme.HealthPayKeyboard.NoActionBar" >
53-->src/main/AndroidManifest.xml:33:13-71
54            <intent-filter>
54-->src/main/AndroidManifest.xml:34:13-37:29
55                <action android:name="android.intent.action.MAIN" />
55-->src/main/AndroidManifest.xml:35:17-69
55-->src/main/AndroidManifest.xml:35:25-66
56
57                <category android:name="android.intent.category.LAUNCHER" />
57-->src/main/AndroidManifest.xml:36:17-77
57-->src/main/AndroidManifest.xml:36:27-74
58            </intent-filter>
59        </activity>
60
61        <!-- Settings Activity -->
62        <activity
62-->src/main/AndroidManifest.xml:41:9-51:20
63            android:name="tech.healthpay.keyboard.SettingsActivity"
63-->src/main/AndroidManifest.xml:42:13-45
64            android:exported="false"
64-->src/main/AndroidManifest.xml:43:13-37
65            android:parentActivityName="tech.healthpay.keyboard.MainActivity"
65-->src/main/AndroidManifest.xml:45:13-55
66            android:theme="@style/Theme.HealthPayKeyboard.NoActionBar" >
66-->src/main/AndroidManifest.xml:44:13-71
67
68            <!-- For IME settings shortcut -->
69            <intent-filter>
69-->src/main/AndroidManifest.xml:48:13-50:29
70                <action android:name="android.intent.action.MAIN" />
70-->src/main/AndroidManifest.xml:35:17-69
70-->src/main/AndroidManifest.xml:35:25-66
71            </intent-filter>
72        </activity>
73
74        <!-- Biometric Auth Activity (transparent, for IME use) -->
75        <activity
75-->src/main/AndroidManifest.xml:54:9-58:49
76            android:name="tech.healthpay.keyboard.BiometricAuthActivity"
76-->src/main/AndroidManifest.xml:55:13-50
77            android:excludeFromRecents="true"
77-->src/main/AndroidManifest.xml:58:13-46
78            android:exported="false"
78-->src/main/AndroidManifest.xml:56:13-37
79            android:theme="@style/Theme.HealthPayKeyboard.Transparent" />
79-->src/main/AndroidManifest.xml:57:13-71
80
81        <!-- QR Scanner Activity -->
82        <activity
82-->src/main/AndroidManifest.xml:61:9-65:52
83            android:name="tech.healthpay.keyboard.QRScannerActivity"
83-->src/main/AndroidManifest.xml:62:13-46
84            android:exported="false"
84-->src/main/AndroidManifest.xml:63:13-37
85            android:screenOrientation="portrait"
85-->src/main/AndroidManifest.xml:65:13-49
86            android:theme="@style/Theme.HealthPayKeyboard.NoActionBar" />
86-->src/main/AndroidManifest.xml:64:13-71
87
88        <!-- Input Method Service (The Keyboard) -->
89        <service
89-->src/main/AndroidManifest.xml:68:9-81:19
90            android:name="tech.healthpay.keyboard.ime.HealthPayInputMethodService"
90-->src/main/AndroidManifest.xml:69:13-60
91            android:exported="true"
91-->src/main/AndroidManifest.xml:70:13-36
92            android:label="@string/keyboard_name"
92-->src/main/AndroidManifest.xml:71:13-50
93            android:permission="android.permission.BIND_INPUT_METHOD" >
93-->src/main/AndroidManifest.xml:72:13-70
94            <intent-filter>
94-->src/main/AndroidManifest.xml:74:13-76:29
95                <action android:name="android.view.InputMethod" />
95-->src/main/AndroidManifest.xml:75:17-67
95-->src/main/AndroidManifest.xml:75:25-64
96            </intent-filter>
97
98            <meta-data
98-->src/main/AndroidManifest.xml:78:13-80:50
99                android:name="android.view.im"
99-->src/main/AndroidManifest.xml:79:17-47
100                android:resource="@xml/method" />
100-->src/main/AndroidManifest.xml:80:17-47
101        </service>
102
103        <!-- Deep Link Handler -->
104        <activity
104-->src/main/AndroidManifest.xml:84:9-109:20
105            android:name="tech.healthpay.keyboard.DeepLinkActivity"
105-->src/main/AndroidManifest.xml:85:13-45
106            android:exported="true"
106-->src/main/AndroidManifest.xml:86:13-36
107            android:theme="@style/Theme.HealthPayKeyboard.Transparent" >
107-->src/main/AndroidManifest.xml:87:13-71
108            <intent-filter android:autoVerify="true" >
108-->src/main/AndroidManifest.xml:89:13-98:29
108-->src/main/AndroidManifest.xml:89:28-53
109                <action android:name="android.intent.action.VIEW" />
109-->src/main/AndroidManifest.xml:90:17-69
109-->src/main/AndroidManifest.xml:90:25-66
110
111                <category android:name="android.intent.category.DEFAULT" />
111-->src/main/AndroidManifest.xml:91:17-76
111-->src/main/AndroidManifest.xml:91:27-73
112                <category android:name="android.intent.category.BROWSABLE" />
112-->src/main/AndroidManifest.xml:92:17-78
112-->src/main/AndroidManifest.xml:92:27-75
113
114                <data
114-->src/main/AndroidManifest.xml:94:17-97:47
115                    android:host="pay.healthpay.tech"
115-->src/main/AndroidManifest.xml:96:21-54
116                    android:pathPrefix="/p"
116-->src/main/AndroidManifest.xml:97:21-44
117                    android:scheme="https" />
117-->src/main/AndroidManifest.xml:95:21-43
118            </intent-filter>
119            <intent-filter>
119-->src/main/AndroidManifest.xml:100:13-108:29
120                <action android:name="android.intent.action.VIEW" />
120-->src/main/AndroidManifest.xml:90:17-69
120-->src/main/AndroidManifest.xml:90:25-66
121
122                <category android:name="android.intent.category.DEFAULT" />
122-->src/main/AndroidManifest.xml:91:17-76
122-->src/main/AndroidManifest.xml:91:27-73
123                <category android:name="android.intent.category.BROWSABLE" />
123-->src/main/AndroidManifest.xml:92:17-78
123-->src/main/AndroidManifest.xml:92:27-75
124
125                <data
125-->src/main/AndroidManifest.xml:94:17-97:47
126                    android:host="pay"
126-->src/main/AndroidManifest.xml:96:21-54
127                    android:scheme="healthpay" />
127-->src/main/AndroidManifest.xml:95:21-43
128            </intent-filter>
129        </activity>
130
131        <!-- File Provider for sharing -->
132        <provider
133            android:name="androidx.core.content.FileProvider"
133-->src/main/AndroidManifest.xml:113:13-62
134            android:authorities="tech.healthpay.keyboard.fileprovider"
134-->src/main/AndroidManifest.xml:114:13-64
135            android:exported="false"
135-->src/main/AndroidManifest.xml:115:13-37
136            android:grantUriPermissions="true" >
136-->src/main/AndroidManifest.xml:116:13-47
137            <meta-data
137-->src/main/AndroidManifest.xml:117:13-119:54
138                android:name="android.support.FILE_PROVIDER_PATHS"
138-->src/main/AndroidManifest.xml:118:17-67
139                android:resource="@xml/file_paths" />
139-->src/main/AndroidManifest.xml:119:17-51
140        </provider>
141        <provider
141-->[androidx.emoji2:emoji2:1.2.0] AndroidManifest.xml:24:9-32:20
142            android:name="androidx.startup.InitializationProvider"
142-->[androidx.emoji2:emoji2:1.2.0] AndroidManifest.xml:25:13-67
143            android:authorities="tech.healthpay.keyboard.androidx-startup"
143-->[androidx.emoji2:emoji2:1.2.0] AndroidManifest.xml:26:13-68
144            android:exported="false" >
144-->[androidx.emoji2:emoji2:1.2.0] AndroidManifest.xml:27:13-37
145            <meta-data
145-->[androidx.emoji2:emoji2:1.2.0] AndroidManifest.xml:29:13-31:52
146                android:name="androidx.emoji2.text.EmojiCompatInitializer"
146-->[androidx.emoji2:emoji2:1.2.0] AndroidManifest.xml:30:17-75
147                android:value="androidx.startup" />
147-->[androidx.emoji2:emoji2:1.2.0] AndroidManifest.xml:31:17-49
148            <meta-data
148-->[androidx.lifecycle:lifecycle-process:2.6.1] AndroidManifest.xml:29:13-31:52
149                android:name="androidx.lifecycle.ProcessLifecycleInitializer"
149-->[androidx.lifecycle:lifecycle-process:2.6.1] AndroidManifest.xml:30:17-78
150                android:value="androidx.startup" />
150-->[androidx.lifecycle:lifecycle-process:2.6.1] AndroidManifest.xml:31:17-49
151            <meta-data
151-->[androidx.profileinstaller:profileinstaller:1.3.0] AndroidManifest.xml:29:13-31:52
152                android:name="androidx.profileinstaller.ProfileInstallerInitializer"
152-->[androidx.profileinstaller:profileinstaller:1.3.0] AndroidManifest.xml:30:17-85
153                android:value="androidx.startup" />
153-->[androidx.profileinstaller:profileinstaller:1.3.0] AndroidManifest.xml:31:17-49
154        </provider>
155
156        <uses-library
156-->[androidx.window:window:1.0.0] AndroidManifest.xml:25:9-27:40
157            android:name="androidx.window.extensions"
157-->[androidx.window:window:1.0.0] AndroidManifest.xml:26:13-54
158            android:required="false" />
158-->[androidx.window:window:1.0.0] AndroidManifest.xml:27:13-37
159        <uses-library
159-->[androidx.window:window:1.0.0] AndroidManifest.xml:28:9-30:40
160            android:name="androidx.window.sidecar"
160-->[androidx.window:window:1.0.0] AndroidManifest.xml:29:13-51
161            android:required="false" />
161-->[androidx.window:window:1.0.0] AndroidManifest.xml:30:13-37
162
163        <receiver
163-->[androidx.profileinstaller:profileinstaller:1.3.0] AndroidManifest.xml:34:9-52:20
164            android:name="androidx.profileinstaller.ProfileInstallReceiver"
164-->[androidx.profileinstaller:profileinstaller:1.3.0] AndroidManifest.xml:35:13-76
165            android:directBootAware="false"
165-->[androidx.profileinstaller:profileinstaller:1.3.0] AndroidManifest.xml:36:13-44
166            android:enabled="true"
166-->[androidx.profileinstaller:profileinstaller:1.3.0] AndroidManifest.xml:37:13-35
167            android:exported="true"
167-->[androidx.profileinstaller:profileinstaller:1.3.0] AndroidManifest.xml:38:13-36
168            android:permission="android.permission.DUMP" >
168-->[androidx.profileinstaller:profileinstaller:1.3.0] AndroidManifest.xml:39:13-57
169            <intent-filter>
169-->[androidx.profileinstaller:profileinstaller:1.3.0] AndroidManifest.xml:40:13-42:29
170                <action android:name="androidx.profileinstaller.action.INSTALL_PROFILE" />
170-->[androidx.profileinstaller:profileinstaller:1.3.0] AndroidManifest.xml:41:17-91
170-->[androidx.profileinstaller:profileinstaller:1.3.0] AndroidManifest.xml:41:25-88
171            </intent-filter>
172            <intent-filter>
172-->[androidx.profileinstaller:profileinstaller:1.3.0] AndroidManifest.xml:43:13-45:29
173                <action android:name="androidx.profileinstaller.action.SKIP_FILE" />
173-->[androidx.profileinstaller:profileinstaller:1.3.0] AndroidManifest.xml:44:17-85
173-->[androidx.profileinstaller:profileinstaller:1.3.0] AndroidManifest.xml:44:25-82
174            </intent-filter>
175            <intent-filter>
175-->[androidx.profileinstaller:profileinstaller:1.3.0] AndroidManifest.xml:46:13-48:29
176                <action android:name="androidx.profileinstaller.action.SAVE_PROFILE" />
176-->[androidx.profileinstaller:profileinstaller:1.3.0] AndroidManifest.xml:47:17-88
176-->[androidx.profileinstaller:profileinstaller:1.3.0] AndroidManifest.xml:47:25-85
177            </intent-filter>
178            <intent-filter>
178-->[androidx.profileinstaller:profileinstaller:1.3.0] AndroidManifest.xml:49:13-51:29
179                <action android:name="androidx.profileinstaller.action.BENCHMARK_OPERATION" />
179-->[androidx.profileinstaller:profileinstaller:1.3.0] AndroidManifest.xml:50:17-95
179-->[androidx.profileinstaller:profileinstaller:1.3.0] AndroidManifest.xml:50:25-92
180            </intent-filter>
181        </receiver>
182    </application>
183
184</manifest>